{"level":"error","message":"unhandled rejection found","timestamp":"2023-10-16T21:26:40.128Z"}
{"level":"error","message":"unhandled rejection found","timestamp":"2023-10-16T23:01:39.202Z"}
{"level":"error","message":"unhandled rejection found","timestamp":"2023-10-16T23:39:27.732Z"}
{"level":"error","message":"unhandled rejection found","timestamp":"2023-10-16T23:40:38.692Z"}
{"level":"error","message":"unhandled rejection found","timestamp":"2023-10-16T23:41:13.180Z"}
{"level":"error","message":"unhandled rejection found","timestamp":"2023-10-16T23:41:36.727Z"}
{"level":"error","message":"unhandled rejection found","timestamp":"2023-10-16T23:43:09.010Z"}
{"level":"error","message":"unhandled rejection found","timestamp":"2023-10-16T23:44:49.150Z"}
{"level":"error","message":"unhandled rejection found","timestamp":"2023-10-16T23:45:44.570Z"}
{"level":"error","message":"unhandled rejection found","timestamp":"2023-10-17T01:09:37.157Z"}
{"level":"error","message":"unhandled rejection found","timestamp":"2023-10-17T01:10:40.814Z"}
{"level":"error","message":"unhandled rejection found","timestamp":"2023-10-17T01:29:36.265Z"}
{"level":"error","message":"unhandled rejection found","timestamp":"2023-10-17T01:32:57.539Z"}
{"level":"error","message":"unhandled rejection found","timestamp":"2023-10-17T01:35:51.869Z"}
{"level":"error","message":"unhandled rejection found","timestamp":"2023-10-17T01:37:52.084Z"}
{"level":"error","message":"unhandled rejection found","timestamp":"2023-10-17T01:42:38.669Z"}
{"level":"error","message":"unhandled rejection found","timestamp":"2023-10-17T10:50:56.392Z"}
{"level":"error","message":"unhandled rejection found","timestamp":"2023-10-17T10:55:01.197Z"}
{"level":"error","message":"unhandled rejection found","timestamp":"2023-10-17T10:58:18.547Z"}
{"level":"error","message":"unhandled rejection found","timestamp":"2023-10-17T11:00:14.094Z"}
{"level":"error","message":"syntax error at or near \"user\"","timestamp":"2023-10-17T11:03:51.971Z"}
{"level":"error","message":"syntax error at or near \"user\"","timestamp":"2023-10-17T11:06:04.114Z"}
{"level":"error","message":"syntax error at or near \"user\"","timestamp":"2023-10-17T11:08:57.171Z"}
{"level":"error","message":"trailing junk after parameter at or near \"$2b\"","timestamp":"2023-10-17T11:09:17.432Z"}
{"level":"error","message":"trailing junk after parameter at or near \"$2b\"","timestamp":"2023-10-17T11:10:42.675Z"}
{"level":"error","message":"relation \"user_table\" does not exist","timestamp":"2023-10-17T11:16:17.410Z"}
{"level":"error","message":"relation \"user_table\" does not exist","timestamp":"2023-10-17T11:18:47.932Z"}
{"level":"error","message":"relation \"user_table\" does not exist","timestamp":"2023-10-17T11:19:04.845Z"}
{"level":"error","message":"value too long for type character varying(50)","timestamp":"2023-10-17T11:25:16.241Z"}
{"level":"error","message":"value too long for type character varying(50)","timestamp":"2023-10-17T11:25:49.060Z"}
{"level":"error","message":"trailing junk after parameter at or near \"$2b\"","timestamp":"2023-10-17T11:26:33.763Z"}
{"level":"error","message":"value too long for type character varying(50)","timestamp":"2023-10-17T11:28:04.777Z"}
{"level":"error","message":"value too long for type character varying(50)","timestamp":"2023-10-17T11:29:42.046Z"}
{"level":"error","message":"value too long for type character varying(50)","timestamp":"2023-10-17T11:30:56.094Z"}
{"level":"error","message":"value too long for type character varying(50)","timestamp":"2023-10-17T11:31:06.924Z"}
{"level":"error","message":"value too long for type character varying(50)","timestamp":"2023-10-17T11:31:07.818Z"}
{"level":"error","message":"null value in column \"created_on\" of relation \"user_table\" violates not-null constraint","timestamp":"2023-10-17T11:36:33.472Z"}
{"level":"error","message":"syntax error at or near \"RETURN\"","timestamp":"2023-10-17T11:49:02.321Z"}
{"level":"error","message":"duplicate key value violates unique constraint \"user_table_email_key\"","timestamp":"2023-10-17T11:50:43.477Z"}
{"level":"error","message":"duplicate key value violates unique constraint \"user_table_email_key\"","timestamp":"2023-10-17T11:55:55.587Z"}
{"level":"error","message":"duplicate key value violates unique constraint \"user_table_email_key\"","timestamp":"2023-10-17T11:57:42.630Z"}
{"level":"error","message":"duplicate key value violates unique constraint \"user_table_email_key\"","timestamp":"2023-10-17T13:14:38.110Z"}
{"level":"error","message":"duplicate key value violates unique constraint \"user_table_email_key\"","timestamp":"2023-10-17T13:14:44.724Z"}
{"level":"error","message":"duplicate key value violates unique constraint \"user_table_email_key\"","timestamp":"2023-10-17T13:26:40.854Z"}
{"level":"error","message":"duplicate key value violates unique constraint \"user_table_email_key\"","timestamp":"2023-10-17T13:27:25.416Z"}
{"level":"error","message":"duplicate key value violates unique constraint \"user_table_email_key\"","timestamp":"2023-10-17T13:28:07.324Z"}
{"level":"error","message":"duplicate key value violates unique constraint \"user_table_email_key\"","timestamp":"2023-10-17T13:29:07.574Z"}
{"level":"error","message":"duplicate key value violates unique constraint \"user_table_email_key\"","timestamp":"2023-10-17T13:29:45.402Z"}
{"level":"error","message":"duplicate key value violates unique constraint \"user_table_email_key\"","timestamp":"2023-10-17T13:42:36.138Z"}
{"level":"error","message":"duplicate key value violates unique constraint \"user_table_email_key\"","timestamp":"2023-10-17T13:43:25.801Z"}
{"level":"error","message":"duplicate key value violates unique constraint \"user_table_email_key\"","timestamp":"2023-10-17T13:43:28.740Z"}
{"level":"error","message":"duplicate key value violates unique constraint \"user_table_email_key\"","timestamp":"2023-10-17T13:44:09.193Z"}
{"level":"error","message":"email already exist","timestamp":"2023-10-17T13:47:53.508Z"}
{"level":"error","message":"email already exist","timestamp":"2023-10-17T13:49:42.854Z"}
{"level":"error","message":"email already exist","timestamp":"2023-10-17T13:50:17.727Z"}
{"level":"error","message":"email already exist","timestamp":"2023-10-17T13:51:22.488Z"}
{"level":"error","message":"email already exist","timestamp":"2023-10-17T13:51:23.465Z"}
{"level":"error","message":"email already exist","timestamp":"2023-10-17T13:51:26.172Z"}
{"level":"error","message":"email already exist","timestamp":"2023-10-17T13:53:18.849Z"}
{"level":"error","message":"email already exist","timestamp":"2023-10-18T01:21:19.429Z"}
{"level":"error","message":"email already exist","timestamp":"2023-10-18T01:30:14.525Z"}
{"level":"error","message":"unhandled rejection found","timestamp":"2023-10-18T13:03:23.595Z"}
{"level":"error","message":"unhandled rejection found","timestamp":"2023-10-18T13:06:52.879Z"}
{"level":"error","message":"unhandled rejection found","timestamp":"2023-10-18T13:08:01.654Z"}
{"level":"error","message":"unhandled rejection found","timestamp":"2023-10-18T13:09:47.937Z"}
{"level":"error","message":"data and hash must be strings","timestamp":"2023-10-18T13:42:10.236Z"}
{"level":"error","message":"data and hash must be strings","timestamp":"2023-10-18T13:44:36.940Z"}
{"level":"error","message":"data and hash must be strings","timestamp":"2023-10-18T13:45:51.756Z"}
{"level":"error","message":"data and hash must be strings","timestamp":"2023-10-18T13:46:45.091Z"}
{"level":"error","message":"data and hash must be strings","timestamp":"2023-10-18T13:47:16.972Z"}
{"level":"error","message":"data and hash must be strings","timestamp":"2023-10-18T13:48:22.291Z"}
{"level":"error","message":"data and hash must be strings","timestamp":"2023-10-18T13:49:46.745Z"}
{"level":"error","message":"data and hash must be strings data and hash must be strings","stack":"Error: data and hash must be strings\n    at Object.compare (/Users/user/Documents/Techs/my-portfolio/forty-backend/node_modules/bcrypt/bcrypt.js:215:17)\n    at /Users/user/Documents/Techs/my-portfolio/forty-backend/node_modules/bcrypt/promises.js:29:12\n    at new Promise (<anonymous>)\n    at Object.module.exports.promise (/Users/user/Documents/Techs/my-portfolio/forty-backend/node_modules/bcrypt/promises.js:20:12)\n    at Object.compare (/Users/user/Documents/Techs/my-portfolio/forty-backend/node_modules/bcrypt/bcrypt.js:204:25)\n    at /Users/user/Documents/Techs/my-portfolio/forty-backend/src/utils/decr.ts:10:46\n    at Generator.next (<anonymous>)\n    at /Users/user/Documents/Techs/my-portfolio/forty-backend/src/utils/decr.ts:8:71\n    at new Promise (<anonymous>)\n    at __awaiter (/Users/user/Documents/Techs/my-portfolio/forty-backend/src/utils/decr.ts:4:12)","timestamp":"2023-10-18T13:50:12.114Z"}
{"level":"error","message":"unhandled rejection found","timestamp":"2023-10-18T13:59:40.158Z"}
{"level":"error","message":"unhandled rejection found","timestamp":"2023-10-18T14:01:09.955Z"}
{"level":"error","message":"unhandled rejection found","timestamp":"2023-10-18T14:02:08.490Z"}
{"level":"error","message":"unhandled rejection found","timestamp":"2023-10-18T14:02:37.478Z"}
{"level":"error","message":"unhandled rejection found","timestamp":"2023-10-18T14:03:07.252Z"}
{"level":"error","message":"unhandled rejection found","timestamp":"2023-10-18T14:03:35.705Z"}
{"level":"error","message":"unhandled rejection found","timestamp":"2023-10-18T14:37:33.121Z"}
{"level":"error","message":"unhandled rejection found","timestamp":"2023-10-18T14:42:18.490Z"}
{"level":"error","message":"unhandled rejection found","timestamp":"2023-10-18T14:43:03.082Z"}
{"level":"error","message":"Username or password incorrect","timestamp":"2023-10-18T14:46:07.739Z"}
{"level":"error","message":"Username or password incorrect","timestamp":"2023-10-18T15:00:32.730Z"}
{"level":"error","message":"Cannot read properties of undefined (reading 'password')","timestamp":"2023-10-18T15:12:28.248Z"}
{"level":"error","message":"Cannot read properties of undefined (reading 'password')","timestamp":"2023-10-18T15:12:52.227Z"}
{"level":"error","message":"Cannot read properties of undefined (reading 'password')","timestamp":"2023-10-18T15:14:36.470Z"}
{"level":"error","message":"Cannot read properties of undefined (reading 'password')","timestamp":"2023-10-18T15:17:13.309Z"}
{"level":"error","message":"Cannot read properties of undefined (reading 'password')","timestamp":"2023-10-18T15:17:14.855Z"}
{"level":"error","message":"Cannot read properties of undefined (reading 'password')","timestamp":"2023-10-18T15:17:15.806Z"}
{"level":"error","message":"User not found","timestamp":"2023-10-18T15:19:16.076Z"}
{"level":"error","message":"Username or password incorrect","timestamp":"2023-10-18T15:20:22.776Z"}
{"level":"error","message":"Username or password incorrect","timestamp":"2023-10-18T15:20:30.483Z"}
{"level":"error","message":"Username or password incorrect","timestamp":"2023-10-18T15:20:42.405Z"}
{"level":"error","message":"Username or password incorrect","timestamp":"2023-10-18T15:25:10.635Z"}
{"level":"error","message":"Username or password incorrect Username or password incorrect","stack":"Error: Username or password incorrect\n    at /Users/user/Documents/Techs/my-portfolio/forty-backend/src/services/users.services.ts:49:19\n    at Generator.next (<anonymous>)\n    at fulfilled (/Users/user/Documents/Techs/my-portfolio/forty-backend/src/services/users.services.ts:5:58)\n    at processTicksAndRejections (node:internal/process/task_queues:95:5)","timestamp":"2023-10-18T15:25:33.961Z"}
{"level":"error","message":"Username or password incorrect Username or password incorrect","stack":"Error: Username or password incorrect\n    at /Users/user/Documents/Techs/my-portfolio/forty-backend/src/services/users.services.ts:49:19\n    at Generator.next (<anonymous>)\n    at fulfilled (/Users/user/Documents/Techs/my-portfolio/forty-backend/src/services/users.services.ts:5:58)\n    at processTicksAndRejections (node:internal/process/task_queues:95:5)","timestamp":"2023-10-18T15:25:34.670Z"}
{"level":"error","message":"Username or password incorrect","timestamp":"2023-10-18T15:26:37.301Z"}
{"level":"error","message":"Username or password incorrect Username or password incorrect","stack":"Error: Username or password incorrect\n    at /Users/user/Documents/Techs/my-portfolio/forty-backend/src/services/users.services.ts:49:19\n    at Generator.next (<anonymous>)\n    at fulfilled (/Users/user/Documents/Techs/my-portfolio/forty-backend/src/services/users.services.ts:5:58)\n    at processTicksAndRejections (node:internal/process/task_queues:95:5)","timestamp":"2023-10-18T15:27:01.369Z"}
{"level":"error","message":"Username or password incorrect Username or password incorrect","stack":"Error: Username or password incorrect\n    at /Users/user/Documents/Techs/my-portfolio/forty-backend/src/services/users.services.ts:49:19\n    at Generator.next (<anonymous>)\n    at fulfilled (/Users/user/Documents/Techs/my-portfolio/forty-backend/src/services/users.services.ts:5:58)\n    at processTicksAndRejections (node:internal/process/task_queues:95:5)","timestamp":"2023-10-19T10:30:31.016Z"}
{"level":"error","message":"Username or password incorrect Username or password incorrect","stack":"Error: Username or password incorrect\n    at /Users/user/Documents/Techs/my-portfolio/forty-backend/src/services/users.services.ts:49:19\n    at Generator.next (<anonymous>)\n    at fulfilled (/Users/user/Documents/Techs/my-portfolio/forty-backend/src/services/users.services.ts:5:58)\n    at processTicksAndRejections (node:internal/process/task_queues:95:5)","timestamp":"2023-10-19T10:30:32.999Z"}
{"level":"error","message":"email already exist","timestamp":"2023-10-19T20:15:01.693Z"}
{"level":"error","message":"null value in column \"user_id\" of relation \"user_table\" violates not-null constraint","timestamp":"2023-10-19T21:08:03.942Z"}
{"level":"error","message":"null value in column \"user_id\" of relation \"user_table\" violates not-null constraint","timestamp":"2023-10-19T21:09:57.614Z"}
{"level":"error","message":"null value in column \"user_id\" of relation \"user_table\" violates not-null constraint","timestamp":"2023-10-19T21:11:22.366Z"}
{"level":"error","message":"null value in column \"user_id\" of relation \"user_table\" violates not-null constraint","timestamp":"2023-10-19T21:12:47.575Z"}
{"level":"error","message":"null value in column \"user_id\" of relation \"user_table\" violates not-null constraint","timestamp":"2023-10-19T21:13:31.413Z"}
{"level":"error","message":"null value in column \"user_id\" of relation \"user_table\" violates not-null constraint","timestamp":"2023-10-19T21:13:36.891Z"}
{"level":"error","message":"null value in column \"user_id\" of relation \"user_table\" violates not-null constraint","timestamp":"2023-10-19T21:13:52.874Z"}
